Arguments: 
  /home/kirill.makarov/.nvm/versions/node/v16.18.1/bin/node /usr/share/yarn/bin/yarn.js add bcrypt

PATH: 
  /home/kirill.makarov/.nvm/versions/node/v16.18.1/bin:/home/kirill.makarov/personal/IT-INCUBATOR/incubator-ht_05/node_modules/.bin:/usr/local/sbin:/usr/local/bin:/usr/sbin:/usr/bin:/sbin:/bin:/usr/games:/usr/local/games:/snap/bin:/snap/bin

Yarn version: 
  1.22.5

Node version: 
  16.18.1

Platform: 
  linux x64

Trace: 
  Error: getaddrinfo ENOTFOUND dev.visitech.local
      at GetAddrInfoReqWrap.onlookup [as oncomplete] (node:dns:109:26)

npm manifest: 
  {
    "name": "ht-05",
    "version": "1.0.0",
    "main": "index.js",
    "license": "MIT",
    "scripts": {
      "watch": "tsc -w",
      "dev": "nodemon --inspect dist/index.js",
      "test": "cross-env PORT=3333 jest",
      "build": "tsc",
      "start": "node dist/index.js"
    },
    "dependencies": {
      "axios": "^1.4.0",
      "dotenv": "^16.0.3",
      "express": "^4.18.2",
      "express-validator": "^6.14.2",
      "mongodb": "^5.3.0"
    },
    "devDependencies": {
      "@types/express": "^4.17.15",
      "@types/jest": "^29.5.1",
      "@types/node": "^18.11.18",
      "@types/supertest": "^2.0.12",
      "cross-env": "^7.0.3",
      "jest": "^29.5.0",
      "nodemon": "^2.0.20",
      "supertest": "^6.3.3",
      "ts-jest": "^29.1.0",
      "ts-node": "^10.9.1",
      "typescript": "^4.9.4"
    }
  }

yarn manifest: 
  No manifest

Lockfile: 
  No lockfile
